<?xml version="1.0" encoding="utf-8"?><testsuites name="pytest tests"><testsuite name="pytest" errors="0" failures="0" skipped="0" tests="21" time="5.091" timestamp="2026-03-22T11:38:37.702235+00:00" hostname="agent-env-1113b8d3-43b0-44f1-8160-08e8f2c941f4"><testcase classname="backend.tests.test_punch_list_features.TestAdminStatsByChallenge" name="test_stats_by_challenge_returns_data" time="1.601" /><testcase classname="backend.tests.test_punch_list_features.TestAdminStatsByChallenge" name="test_stats_by_challenge_requires_admin" time="0.439" /><testcase classname="backend.tests.test_punch_list_features.TestAdminStatsByChallenge" name="test_stats_by_challenge_requires_auth" time="0.098" /><testcase classname="backend.tests.test_punch_list_features.TestAdminUserDeletion" name="test_delete_user_creates_and_deletes" time="0.536" /><testcase classname="backend.tests.test_punch_list_features.TestAdminUserDeletion" name="test_delete_user_cannot_delete_admin" time="0.106" /><testcase classname="backend.tests.test_punch_list_features.TestAdminUserDeletion" name="test_delete_user_requires_admin" time="0.113" /><testcase classname="backend.tests.test_punch_list_features.TestAdminUserDeletion" name="test_delete_nonexistent_user" time="0.102" /><testcase classname="backend.tests.test_punch_list_features.TestProfilePictureUpload" name="test_profile_picture_requires_auth" time="0.109" /><testcase classname="backend.tests.test_punch_list_features.TestProfilePictureUpload" name="test_profile_picture_requires_image" time="0.094" /><testcase classname="backend.tests.test_punch_list_features.TestProfilePictureUpload" name="test_profile_picture_upload_success" time="0.131" /><testcase classname="backend.tests.test_punch_list_features.TestCombinedPledges" name="test_create_combined_pledge" time="0.102" /><testcase classname="backend.tests.test_punch_list_features.TestCombinedPledges" name="test_create_total_only_pledge" time="0.109" /><testcase classname="backend.tests.test_punch_list_features.TestCombinedPledges" name="test_create_per_km_only_pledge" time="0.107" /><testcase classname="backend.tests.test_punch_list_features.TestLeaderboardWalkerLinks" name="test_distance_leaderboard_has_user_ids" time="0.181" /><testcase classname="backend.tests.test_punch_list_features.TestLeaderboardWalkerLinks" name="test_raised_leaderboard_has_user_ids" time="0.110" /><testcase classname="backend.tests.test_punch_list_features.TestFundraisingPage" name="test_fundraising_page_returns_data" time="0.107" /><testcase classname="backend.tests.test_punch_list_features.TestFundraisingPage" name="test_fundraising_page_nonexistent_walker" time="0.133" /><testcase classname="backend.tests.test_punch_list_features.TestTeamInviteLink" name="test_team_has_invite_code" time="0.100" /><testcase classname="backend.tests.test_punch_list_features.TestTeamInviteLink" name="test_team_invite_lookup" time="0.537" /><testcase classname="backend.tests.test_punch_list_features.TestOnboardingTeamSearch" name="test_team_search_returns_results" time="0.100" /><testcase classname="backend.tests.test_punch_list_features.TestOnboardingTeamSearch" name="test_team_search_empty_query" time="0.108" /></testsuite></testsuites>