<?xml version="1.0" encoding="utf-8"?><testsuites name="pytest tests"><testsuite name="pytest" errors="0" failures="0" skipped="0" tests="10" time="8.580" timestamp="2026-03-24T13:09:05.599476+00:00" hostname="agent-env-19060195-115b-4881-9dd0-ddee0e1c2557"><testcase classname="backend.tests.test_challenge_reorder.TestChallengeReorder" name="test_get_challenges_all_sorted_by_display_order" time="0.747" /><testcase classname="backend.tests.test_challenge_reorder.TestChallengeReorder" name="test_get_challenges_public_sorted_by_display_order" time="0.676" /><testcase classname="backend.tests.test_challenge_reorder.TestChallengeReorder" name="test_reorder_challenges_success" time="0.913" /><testcase classname="backend.tests.test_challenge_reorder.TestChallengeReorder" name="test_reorder_challenges_empty_ids_fails" time="0.695" /><testcase classname="backend.tests.test_challenge_reorder.TestChallengeReorder" name="test_reorder_challenges_requires_admin" time="1.143" /><testcase classname="backend.tests.test_challenge_reorder.TestChallengeReorder" name="test_get_challenges_all_requires_admin" time="1.120" /><testcase classname="backend.tests.test_challenge_reorder.TestChallengeReorder" name="test_move_challenge_up" time="0.974" /><testcase classname="backend.tests.test_challenge_reorder.TestChallengeReorder" name="test_move_challenge_down" time="0.908" /><testcase classname="backend.tests.test_challenge_reorder.TestChallengeReorder" name="test_display_order_shown_in_challenge_data" time="0.674" /><testcase classname="backend.tests.test_challenge_reorder.TestChallengeCreateWithDisplayOrder" name="test_new_challenge_gets_auto_display_order" time="0.673" /></testsuite></testsuites>