<?xml version="1.0" encoding="utf-8"?><testsuites name="pytest tests"><testsuite name="pytest" errors="0" failures="0" skipped="0" tests="17" time="6.426" timestamp="2026-03-22T20:17:19.540712+00:00" hostname="agent-env-1113b8d3-43b0-44f1-8160-08e8f2c941f4"><testcase classname="backend.tests.test_march22_batch2.TestAuthAndSetup" name="test_admin_login" time="0.356" /><testcase classname="backend.tests.test_march22_batch2.TestAuthAndSetup" name="test_walker_john_login" time="0.334" /><testcase classname="backend.tests.test_march22_batch2.TestAuthAndSetup" name="test_walker_mary_login" time="0.333" /><testcase classname="backend.tests.test_march22_batch2.TestSupporterPledgeCalculations" name="test_supporter_dashboard_total_pledged" time="0.438" /><testcase classname="backend.tests.test_march22_batch2.TestSupporterPledgeCalculations" name="test_mary_pledge_full_route_calculation" time="0.477" /><testcase classname="backend.tests.test_march22_batch2.TestFundraisingEndpoint" name="test_fundraising_user_mary" time="0.127" /><testcase classname="backend.tests.test_march22_batch2.TestFundraisingEndpoint" name="test_fundraising_user_john" time="0.118" /><testcase classname="backend.tests.test_march22_batch2.TestLeaderboardRaised" name="test_leaderboard_raised_endpoint" time="0.113" /><testcase classname="backend.tests.test_march22_batch2.TestAdminFeatures" name="test_admin_stats" time="0.489" /><testcase classname="backend.tests.test_march22_batch2.TestAdminFeatures" name="test_admin_stats_by_challenge" time="0.449" /><testcase classname="backend.tests.test_march22_batch2.TestAdminFeatures" name="test_challenges_list_all" time="0.445" /><testcase classname="backend.tests.test_march22_batch2.TestAdminFeatures" name="test_sponsorship_levels_with_capacity" time="0.450" /><testcase classname="backend.tests.test_march22_batch2.TestAdminFeatures" name="test_corporate_sponsors_list" time="0.445" /><testcase classname="backend.tests.test_march22_batch2.TestChallengeRouteMapUpload" name="test_route_map_upload_endpoint_exists" time="0.423" /><testcase classname="backend.tests.test_march22_batch2.TestChallengeRouteMapUpload" name="test_milestone_image_upload_endpoint_exists" time="0.477" /><testcase classname="backend.tests.test_march22_batch2.TestWalkerDashboard" name="test_user_progress" time="0.449" /><testcase classname="backend.tests.test_march22_batch2.TestTeamFeatures" name="test_team_my_endpoint" time="0.439" /></testsuite></testsuites>