<?xml version="1.0" encoding="utf-8"?><testsuites name="pytest tests"><testsuite name="pytest" errors="0" failures="0" skipped="0" tests="17" time="6.968" timestamp="2026-03-06T18:56:29.267349+00:00" hostname="agent-env-a08b9a7f-4c11-478c-ae81-1c135516b098"><testcase classname="backend.tests.test_team_features.TestTeamInviteEndpoint" name="test_get_team_by_valid_invite_code" time="0.233" /><testcase classname="backend.tests.test_team_features.TestTeamInviteEndpoint" name="test_get_team_by_invalid_invite_code" time="0.153" /><testcase classname="backend.tests.test_team_features.TestTeamMemberRemoval" name="test_leader_cannot_remove_self" time="1.360" /><testcase classname="backend.tests.test_team_features.TestTeamMemberRemoval" name="test_non_leader_cannot_remove_members" time="0.484" /><testcase classname="backend.tests.test_team_features.TestTeamMemberRemoval" name="test_leader_remove_invalid_member" time="0.476" /><testcase classname="backend.tests.test_team_features.TestTeamMemberRemoval" name="test_remove_member_requires_auth" time="0.127" /><testcase classname="backend.tests.test_team_features.TestTeamDataEnhancements" name="test_team_has_leader_info" time="0.480" /><testcase classname="backend.tests.test_team_features.TestTeamDataEnhancements" name="test_team_has_avg_progress_pct" time="0.474" /><testcase classname="backend.tests.test_team_features.TestTeamDataEnhancements" name="test_members_have_progress_pct" time="0.494" /><testcase classname="backend.tests.test_team_features.TestTeamDataEnhancements" name="test_members_have_challenge_info" time="0.547" /><testcase classname="backend.tests.test_team_features.TestTeammateSignupFlow" name="test_team_invite_returns_team_info" time="0.153" /><testcase classname="backend.tests.test_team_features.TestTeammateSignupFlow" name="test_signup_and_join_team_flow" time="0.595" /><testcase classname="backend.tests.test_team_features.TestTeammateSignupFlow" name="test_existing_user_login_and_join_team" time="0.836" /><testcase classname="backend.tests.test_team_features.TestChallengeAndWalkerTypeEndpoints" name="test_get_challenges" time="0.120" /><testcase classname="backend.tests.test_team_features.TestChallengeAndWalkerTypeEndpoints" name="test_get_walker_types" time="0.104" /><testcase classname="backend.tests.test_team_features.TestChallengeAndWalkerTypeEndpoints" name="test_get_achievement_levels" time="0.132" /><testcase classname="backend.tests.test_team_features.TestFundraisingEndpoint" name="test_fundraising_page_returns_walker_data" time="0.124" /></testsuite></testsuites>