<?xml version="1.0" encoding="utf-8"?><testsuites name="pytest tests"><testsuite name="pytest" errors="0" failures="0" skipped="0" tests="24" time="3.321" timestamp="2026-03-06T21:15:37.640172+00:00" hostname="agent-env-a08b9a7f-4c11-478c-ae81-1c135516b098"><testcase classname="backend.tests.test_sponsor_inquiries.TestSponsorInquiriesPublic" name="test_create_sponsor_inquiry_success" time="0.483" /><testcase classname="backend.tests.test_sponsor_inquiries.TestSponsorInquiriesPublic" name="test_create_inquiry_minimal_fields" time="0.082" /><testcase classname="backend.tests.test_sponsor_inquiries.TestSponsorInquiriesAdmin" name="test_list_inquiries_requires_admin" time="0.058" /><testcase classname="backend.tests.test_sponsor_inquiries.TestSponsorInquiriesAdmin" name="test_list_inquiries_non_admin_forbidden" time="0.334" /><testcase classname="backend.tests.test_sponsor_inquiries.TestSponsorInquiriesAdmin" name="test_list_inquiries_admin_success" time="0.053" /><testcase classname="backend.tests.test_sponsor_inquiries.TestSponsorInquiriesAdmin" name="test_update_inquiry_status_success" time="0.165" /><testcase classname="backend.tests.test_sponsor_inquiries.TestSponsorInquiriesAdmin" name="test_update_status_invalid_value" time="0.115" /><testcase classname="backend.tests.test_sponsor_inquiries.TestSponsorInquiriesAdmin" name="test_update_status_nonexistent" time="0.061" /><testcase classname="backend.tests.test_sponsor_inquiries.TestSponsorInquiriesAdmin" name="test_delete_inquiry_success" time="0.259" /><testcase classname="backend.tests.test_sponsor_inquiries.TestSponsorInquiriesAdmin" name="test_delete_inquiry_nonexistent" time="0.065" /><testcase classname="backend.tests.test_sponsor_inquiries.TestSponsorInquiriesAdmin" name="test_delete_inquiry_non_admin_forbidden" time="0.067" /><testcase classname="backend.tests.test_sponsor_inquiries.TestChallengeIsActive" name="test_public_challenges_only_active" time="0.055" /><testcase classname="backend.tests.test_sponsor_inquiries.TestChallengeIsActive" name="test_admin_get_all_challenges" time="0.050" /><testcase classname="backend.tests.test_sponsor_inquiries.TestChallengeIsActive" name="test_toggle_challenge_active" time="0.221" /><testcase classname="backend.tests.test_sponsor_inquiries.TestChallengeValidation" name="test_create_challenge_unique_name_enforced" time="0.132" /><testcase classname="backend.tests.test_sponsor_inquiries.TestChallengeValidation" name="test_create_challenge_description_too_short" time="0.060" /><testcase classname="backend.tests.test_sponsor_inquiries.TestChallengeValidation" name="test_create_challenge_description_too_long" time="0.061" /><testcase classname="backend.tests.test_sponsor_inquiries.TestChallengeValidation" name="test_update_challenge_unique_name_enforced" time="0.118" /><testcase classname="backend.tests.test_sponsor_inquiries.TestChallengeValidation" name="test_update_challenge_description_validation" time="0.111" /><testcase classname="backend.tests.test_sponsor_inquiries.TestRouteMapUploads" name="test_upload_route_map_success" time="0.127" /><testcase classname="backend.tests.test_sponsor_inquiries.TestRouteMapUploads" name="test_upload_route_map_markers_success" time="0.111" /><testcase classname="backend.tests.test_sponsor_inquiries.TestRouteMapUploads" name="test_upload_route_map_invalid_file_type" time="0.117" /><testcase classname="backend.tests.test_sponsor_inquiries.TestRouteMapUploads" name="test_upload_route_map_nonexistent_challenge" time="0.060" /><testcase classname="backend.tests.test_sponsor_inquiries.TestChallengeCreateSuccess" name="test_create_challenge_with_active_flag" time="0.279" /></testsuite></testsuites>