<?xml version="1.0" encoding="utf-8"?><testsuites name="pytest tests"><testsuite name="pytest" errors="0" failures="2" skipped="0" tests="17" time="11.098" timestamp="2026-04-14T11:15:26.134613+00:00" hostname="agent-env-19060195-115b-4881-9dd0-ddee0e1c2557"><testcase classname="backend.tests.test_batch_features.TestAuth" name="test_admin_login" time="0.592" /><testcase classname="backend.tests.test_batch_features.TestAuth" name="test_walker_login" time="0.360" /><testcase classname="backend.tests.test_batch_features.TestConfigStepsPerKm" name="test_get_config" time="0.465" /><testcase classname="backend.tests.test_batch_features.TestConfigStepsPerKm" name="test_update_config_valid_steps" time="0.591" /><testcase classname="backend.tests.test_batch_features.TestConfigStepsPerKm" name="test_update_config_invalid_steps_low" time="0.531"><failure message="AssertionError: Invalid steps_per_km accepted&#10;assert 1000 &gt;= 1100&#10; +  where 1000 = &lt;built-in method get of dict object at 0xfcc0920efe40&gt;('steps_per_km', 1300)&#10; +    where &lt;built-in method get of dict object at 0xfcc0920efe40&gt; = {'key': 'main', 'logo_url': '', 'name': 'The Kenya Challenge', 'primary_color': '#ea580c', ...}.get">backend/tests/test_batch_features.py:123: in test_update_config_invalid_steps_low
    assert data.get("steps_per_km", 1300) &gt;= 1100, "Invalid steps_per_km accepted"
E   AssertionError: Invalid steps_per_km accepted
E   assert 1000 &gt;= 1100
E    +  where 1000 = &lt;built-in method get of dict object at 0xfcc0920efe40&gt;('steps_per_km', 1300)
E    +    where &lt;built-in method get of dict object at 0xfcc0920efe40&gt; = {'key': 'main', 'logo_url': '', 'name': 'The Kenya Challenge', 'primary_color': '#ea580c', ...}.get</failure></testcase><testcase classname="backend.tests.test_batch_features.TestConfigStepsPerKm" name="test_update_config_invalid_steps_high" time="0.448"><failure message="AssertionError: Invalid steps_per_km accepted&#10;assert 2000 &lt;= 1600&#10; +  where 2000 = &lt;built-in method get of dict object at 0xfcc091e51640&gt;('steps_per_km', 1300)&#10; +    where &lt;built-in method get of dict object at 0xfcc091e51640&gt; = {'key': 'main', 'logo_url': '', 'name': 'The Kenya Challenge', 'primary_color': '#ea580c', ...}.get">backend/tests/test_batch_features.py:138: in test_update_config_invalid_steps_high
    assert data.get("steps_per_km", 1300) &lt;= 1600, "Invalid steps_per_km accepted"
E   AssertionError: Invalid steps_per_km accepted
E   assert 2000 &lt;= 1600
E    +  where 2000 = &lt;built-in method get of dict object at 0xfcc091e51640&gt;('steps_per_km', 1300)
E    +    where &lt;built-in method get of dict object at 0xfcc091e51640&gt; = {'key': 'main', 'logo_url': '', 'name': 'The Kenya Challenge', 'primary_color': '#ea580c', ...}.get</failure></testcase><testcase classname="backend.tests.test_batch_features.TestActivityStepsConversion" name="test_create_activity_with_steps" time="1.041" /><testcase classname="backend.tests.test_batch_features.TestActivityStepsConversion" name="test_create_activity_with_km" time="1.018" /><testcase classname="backend.tests.test_batch_features.TestPostcardCRUD" name="test_create_postcard" time="0.563" /><testcase classname="backend.tests.test_batch_features.TestPostcardCRUD" name="test_update_postcard" time="0.755" /><testcase classname="backend.tests.test_batch_features.TestPostcardCRUD" name="test_delete_postcard" time="0.772" /><testcase classname="backend.tests.test_batch_features.TestPostcardCRUD" name="test_postcard_requires_admin" time="0.871" /><testcase classname="backend.tests.test_batch_features.TestWalkerTypes" name="test_list_walker_types" time="0.115" /><testcase classname="backend.tests.test_batch_features.TestWalkerTypes" name="test_create_walker_type" time="0.538" /><testcase classname="backend.tests.test_batch_features.TestWalkerTypes" name="test_update_walker_type" time="0.654" /><testcase classname="backend.tests.test_batch_features.TestWalkerTypes" name="test_delete_walker_type" time="0.670" /><testcase classname="backend.tests.test_batch_features.TestChallengePostcardsToggle" name="test_toggle_send_postcards" time="0.861" /></testsuite></testsuites>