<?xml version="1.0" encoding="utf-8"?><testsuites name="pytest tests"><testsuite name="pytest" errors="0" failures="0" skipped="0" tests="27" time="7.564" timestamp="2026-03-06T20:28:52.865809+00:00" hostname="agent-env-a08b9a7f-4c11-478c-ae81-1c135516b098"><testcase classname="tests.test_corporate_sponsors.TestSponsorshipLevelsPublic" name="test_get_sponsorship_levels_returns_list_ordered_by_display_order" time="0.261" /><testcase classname="tests.test_corporate_sponsors.TestSponsorshipLevelsCRUD" name="test_create_sponsorship_level_admin_only" time="0.535" /><testcase classname="tests.test_corporate_sponsors.TestSponsorshipLevelsCRUD" name="test_create_sponsorship_level_fails_for_non_admin" time="0.525" /><testcase classname="tests.test_corporate_sponsors.TestSponsorshipLevelsCRUD" name="test_create_sponsorship_level_fails_without_auth" time="0.113" /><testcase classname="tests.test_corporate_sponsors.TestSponsorshipLevelsCRUD" name="test_update_sponsorship_level" time="0.361" /><testcase classname="tests.test_corporate_sponsors.TestSponsorshipLevelsCRUD" name="test_update_sponsorship_level_fails_for_non_admin" time="0.218" /><testcase classname="tests.test_corporate_sponsors.TestSponsorshipLevelsCRUD" name="test_delete_sponsorship_level_empty" time="0.379" /><testcase classname="tests.test_corporate_sponsors.TestSponsorshipLevelsCRUD" name="test_delete_sponsorship_level_fails_with_sponsors" time="0.376" /><testcase classname="tests.test_corporate_sponsors.TestSponsorshipLevelsCRUD" name="test_delete_nonexistent_level_returns_404" time="0.118" /><testcase classname="tests.test_corporate_sponsors.TestCorporateSponsorsPublic" name="test_get_corporate_sponsors_returns_all_with_level_info" time="0.147" /><testcase classname="tests.test_corporate_sponsors.TestCorporateSponsorsPublic" name="test_get_public_sponsors_returns_grouped_by_level" time="0.121" /><testcase classname="tests.test_corporate_sponsors.TestCorporateSponsorsCRUD" name="test_create_corporate_sponsor_admin_only" time="0.238" /><testcase classname="tests.test_corporate_sponsors.TestCorporateSponsorsCRUD" name="test_create_sponsor_fails_for_non_admin" time="0.239" /><testcase classname="tests.test_corporate_sponsors.TestCorporateSponsorsCRUD" name="test_create_sponsor_fails_with_invalid_level" time="0.132" /><testcase classname="tests.test_corporate_sponsors.TestCorporateSponsorsCRUD" name="test_create_sponsor_enforces_max_limit" time="0.238" /><testcase classname="tests.test_corporate_sponsors.TestCorporateSponsorsCRUD" name="test_update_corporate_sponsor" time="0.314" /><testcase classname="tests.test_corporate_sponsors.TestCorporateSponsorsCRUD" name="test_update_sponsor_fails_for_non_admin" time="0.251" /><testcase classname="tests.test_corporate_sponsors.TestCorporateSponsorsCRUD" name="test_delete_corporate_sponsor" time="0.426" /><testcase classname="tests.test_corporate_sponsors.TestCorporateSponsorsCRUD" name="test_delete_sponsor_fails_for_non_admin" time="0.294" /><testcase classname="tests.test_corporate_sponsors.TestCorporateSponsorsCRUD" name="test_delete_nonexistent_sponsor_returns_404" time="0.153" /><testcase classname="tests.test_corporate_sponsors.TestLogoUpload" name="test_upload_logo" time="0.472" /><testcase classname="tests.test_corporate_sponsors.TestLogoUpload" name="test_upload_logo_fails_for_non_admin" time="0.232" /><testcase classname="tests.test_corporate_sponsors.TestLogoUpload" name="test_upload_logo_fails_for_nonexistent_sponsor" time="0.123" /><testcase classname="tests.test_corporate_sponsors.TestLogoUpload" name="test_upload_logo_rejects_invalid_file_type" time="0.221" /><testcase classname="tests.test_corporate_sponsors.TestLogoUpload" name="test_delete_logo" time="0.346" /><testcase classname="tests.test_corporate_sponsors.TestLogoUpload" name="test_delete_logo_fails_for_non_admin" time="0.459" /><testcase classname="tests.test_corporate_sponsors.TestLogoUpload" name="test_delete_logo_fails_for_nonexistent_sponsor" time="0.144" /></testsuite></testsuites>