<?xml version="1.0" encoding="utf-8"?><testsuites name="pytest tests"><testsuite name="pytest" errors="0" failures="0" skipped="0" tests="12" time="3.986" timestamp="2026-03-06T18:34:28.566425+00:00" hostname="agent-env-a08b9a7f-4c11-478c-ae81-1c135516b098"><testcase classname="backend.tests.test_supporter_pledges.TestFundraisingPageAPI" name="test_fundraising_page_loads_for_valid_walker" time="0.178" /><testcase classname="backend.tests.test_supporter_pledges.TestFundraisingPageAPI" name="test_fundraising_page_returns_404_for_invalid_walker" time="0.126" /><testcase classname="backend.tests.test_supporter_pledges.TestSupporterSignup" name="test_supporter_signup_creates_user_and_pledge" time="0.364" /><testcase classname="backend.tests.test_supporter_pledges.TestSupporterSignup" name="test_supporter_signup_with_per_km_pledge" time="0.349" /><testcase classname="backend.tests.test_supporter_pledges.TestSupporterSignup" name="test_supporter_signup_rejects_duplicate_email" time="0.494" /><testcase classname="backend.tests.test_supporter_pledges.TestPledgeCreation" name="test_create_pledge_for_logged_in_user" time="0.521" /><testcase classname="backend.tests.test_supporter_pledges.TestPledgeCreation" name="test_create_pledge_for_invalid_walker" time="0.458" /><testcase classname="backend.tests.test_supporter_pledges.TestSupporterDashboard" name="test_supporter_dashboard_returns_pledges_with_walker_info" time="0.443" /><testcase classname="backend.tests.test_supporter_pledges.TestSupporterDashboard" name="test_supporter_dashboard_requires_auth" time="0.123" /><testcase classname="backend.tests.test_supporter_pledges.TestPledgeListing" name="test_list_pledges_for_walker" time="0.105" /><testcase classname="backend.tests.test_supporter_pledges.TestLoginRedirect" name="test_login_returns_supporter_role" time="0.346" /><testcase classname="backend.tests.test_supporter_pledges.TestLoginRedirect" name="test_login_returns_walker_role" time="0.345" /></testsuite></testsuites>